<?xml version="1.0" encoding="UTF-8"?>
<testng-results ignored="19" total="24" passed="5" failed="0" skipped="0">
  <reporter-output>
  </reporter-output>
  <suite started-at="2022-08-24T16:24:01 EDT" name="Suite" finished-at="2022-08-24T16:24:51 EDT" duration-ms="49973">
    <groups>
      <group name="smoke">
        <method signature="HomePageTest.orderHistory()[pri:2, instance:com.mystore.testcases.HomePageTest@795cd85e]" name="orderHistory" class="com.mystore.testcases.HomePageTest"/>
        <method signature="HomePageTest.wishListTest()[pri:1, instance:com.mystore.testcases.HomePageTest@795cd85e]" name="wishListTest" class="com.mystore.testcases.HomePageTest"/>
        <method signature="IndexPageTest.verifyLogo()[pri:0, instance:com.mystore.testcases.IndexPageTest@402bba4f]" name="verifyLogo" class="com.mystore.testcases.IndexPageTest"/>
        <method signature="IndexPageTest.verifyTitle()[pri:0, instance:com.mystore.testcases.IndexPageTest@402bba4f]" name="verifyTitle" class="com.mystore.testcases.IndexPageTest"/>
        <method signature="LoginPageTest.loginTest()[pri:0, instance:com.mystore.testcases.LoginPageTest@6e171cd7]" name="loginTest" class="com.mystore.testcases.LoginPageTest"/>
      </group> <!-- smoke -->
      <group name="sanity">
        <method signature="LoginPageTest.loginTest()[pri:0, instance:com.mystore.testcases.LoginPageTest@6e171cd7]" name="loginTest" class="com.mystore.testcases.LoginPageTest"/>
      </group> <!-- sanity -->
    </groups>
    <test started-at="2022-08-24T16:24:01 EDT" name="Test_All" finished-at="2022-08-24T16:24:51 EDT" duration-ms="49973">
      <class name="com.mystore.testcases.IndexPageTest">
        <test-method is-config="true" signature="setup(java.lang.String)[pri:0, instance:com.mystore.testcases.IndexPageTest@402bba4f]" started-at="2022-08-24T16:24:14 EDT" name="setup" finished-at="2022-08-24T16:24:17 EDT" duration-ms="3378" status="PASS">
          <params>
            <param index="0">
              <value>
                <![CDATA[chrome]]>
              </value>
            </param>
          </params>
          <reporter-output>
          </reporter-output>
        </test-method> <!-- setup -->
        <test-method signature="verifyLogo()[pri:0, instance:com.mystore.testcases.IndexPageTest@402bba4f]" started-at="2022-08-24T16:24:17 EDT" name="verifyLogo" finished-at="2022-08-24T16:24:17 EDT" duration-ms="33" status="PASS">
          <reporter-output>
          </reporter-output>
        </test-method> <!-- verifyLogo -->
        <test-method is-config="true" signature="tearDown()[pri:0, instance:com.mystore.testcases.IndexPageTest@402bba4f]" started-at="2022-08-24T16:24:17 EDT" name="tearDown" finished-at="2022-08-24T16:24:18 EDT" duration-ms="667" status="PASS">
          <reporter-output>
          </reporter-output>
        </test-method> <!-- tearDown -->
        <test-method is-config="true" signature="setup(java.lang.String)[pri:0, instance:com.mystore.testcases.IndexPageTest@402bba4f]" started-at="2022-08-24T16:24:18 EDT" name="setup" finished-at="2022-08-24T16:24:23 EDT" duration-ms="4569" status="PASS">
          <params>
            <param index="0">
              <value>
                <![CDATA[chrome]]>
              </value>
            </param>
          </params>
          <reporter-output>
          </reporter-output>
        </test-method> <!-- setup -->
        <test-method signature="verifyTitle()[pri:0, instance:com.mystore.testcases.IndexPageTest@402bba4f]" started-at="2022-08-24T16:24:23 EDT" name="verifyTitle" finished-at="2022-08-24T16:24:23 EDT" duration-ms="9" status="PASS">
          <reporter-output>
          </reporter-output>
        </test-method> <!-- verifyTitle -->
        <test-method is-config="true" signature="tearDown()[pri:0, instance:com.mystore.testcases.IndexPageTest@402bba4f]" started-at="2022-08-24T16:24:23 EDT" name="tearDown" finished-at="2022-08-24T16:24:23 EDT" duration-ms="631" status="PASS">
          <reporter-output>
          </reporter-output>
        </test-method> <!-- tearDown -->
      </class> <!-- com.mystore.testcases.IndexPageTest -->
      <class name="com.mystore.testcases.HomePageTest">
        <test-method is-config="true" signature="setup(java.lang.String)[pri:0, instance:com.mystore.testcases.HomePageTest@795cd85e]" started-at="2022-08-24T16:24:23 EDT" name="setup" finished-at="2022-08-24T16:24:27 EDT" duration-ms="3690" status="PASS">
          <params>
            <param index="0">
              <value>
                <![CDATA[chrome]]>
              </value>
            </param>
          </params>
          <reporter-output>
          </reporter-output>
        </test-method> <!-- setup -->
        <test-method signature="wishListTest()[pri:1, instance:com.mystore.testcases.HomePageTest@795cd85e]" started-at="2022-08-24T16:24:27 EDT" name="wishListTest" finished-at="2022-08-24T16:24:31 EDT" duration-ms="4057" status="PASS">
          <reporter-output>
          </reporter-output>
        </test-method> <!-- wishListTest -->
        <test-method is-config="true" signature="tearDown()[pri:0, instance:com.mystore.testcases.HomePageTest@795cd85e]" started-at="2022-08-24T16:24:31 EDT" name="tearDown" finished-at="2022-08-24T16:24:32 EDT" duration-ms="729" status="PASS">
          <reporter-output>
          </reporter-output>
        </test-method> <!-- tearDown -->
        <test-method is-config="true" signature="setup(java.lang.String)[pri:0, instance:com.mystore.testcases.HomePageTest@795cd85e]" started-at="2022-08-24T16:24:32 EDT" name="setup" finished-at="2022-08-24T16:24:37 EDT" duration-ms="5492" status="PASS">
          <params>
            <param index="0">
              <value>
                <![CDATA[chrome]]>
              </value>
            </param>
          </params>
          <reporter-output>
          </reporter-output>
        </test-method> <!-- setup -->
        <test-method signature="orderHistory()[pri:2, instance:com.mystore.testcases.HomePageTest@795cd85e]" started-at="2022-08-24T16:24:37 EDT" name="orderHistory" finished-at="2022-08-24T16:24:50 EDT" duration-ms="12920" status="PASS">
          <reporter-output>
          </reporter-output>
        </test-method> <!-- orderHistory -->
        <test-method is-config="true" signature="tearDown()[pri:0, instance:com.mystore.testcases.HomePageTest@795cd85e]" started-at="2022-08-24T16:24:50 EDT" name="tearDown" finished-at="2022-08-24T16:24:51 EDT" duration-ms="716" status="PASS">
          <reporter-output>
          </reporter-output>
        </test-method> <!-- tearDown -->
      </class> <!-- com.mystore.testcases.HomePageTest -->
      <class name="com.mystore.testcases.LoginPageTest">
        <test-method is-config="true" signature="beforeSuite()[pri:0, instance:com.mystore.testcases.LoginPageTest@6e171cd7]" started-at="2022-08-24T16:24:01 EDT" name="beforeSuite" finished-at="2022-08-24T16:24:01 EDT" duration-ms="86" status="PASS">
          <reporter-output>
          </reporter-output>
        </test-method> <!-- beforeSuite -->
        <test-method is-config="true" signature="loadConfig()[pri:0, instance:com.mystore.testcases.LoginPageTest@6e171cd7]" started-at="2022-08-24T16:24:01 EDT" name="loadConfig" finished-at="2022-08-24T16:24:01 EDT" duration-ms="1" status="PASS">
          <reporter-output>
          </reporter-output>
        </test-method> <!-- loadConfig -->
        <test-method is-config="true" signature="setup(java.lang.String)[pri:0, instance:com.mystore.testcases.LoginPageTest@6e171cd7]" started-at="2022-08-24T16:24:01 EDT" name="setup" finished-at="2022-08-24T16:24:05 EDT" duration-ms="4508" status="PASS">
          <params>
            <param index="0">
              <value>
                <![CDATA[chrome]]>
              </value>
            </param>
          </params>
          <reporter-output>
          </reporter-output>
        </test-method> <!-- setup -->
        <test-method signature="loginTest()[pri:0, instance:com.mystore.testcases.LoginPageTest@6e171cd7]" started-at="2022-08-24T16:24:05 EDT" name="loginTest" finished-at="2022-08-24T16:24:13 EDT" duration-ms="7851" status="PASS">
          <reporter-output>
          </reporter-output>
        </test-method> <!-- loginTest -->
        <test-method is-config="true" signature="tearDown()[pri:0, instance:com.mystore.testcases.LoginPageTest@6e171cd7]" started-at="2022-08-24T16:24:13 EDT" name="tearDown" finished-at="2022-08-24T16:24:14 EDT" duration-ms="689" status="PASS">
          <reporter-output>
          </reporter-output>
        </test-method> <!-- tearDown -->
      </class> <!-- com.mystore.testcases.LoginPageTest -->
    </test> <!-- Test_All -->
  </suite> <!-- Suite -->
</testng-results>
